(---------------------------------------------------------------------)
(                                                                     )
(    IPC-D-356                                                        )
(                                                                     )
(    Software Version : 17.2P019                                      )
(    Date/Time        : Mon Feb 11 12:35:04 2019                      )
(                                                                     )
(---------------------------------------------------------------------)


Warning: String S_R40_20_M40_20_P40_20 exceeds record length on line 58 at column 0
Warning: String R083X075S-O059X033T_CUST exceeds record length on line 244 at column 0
Warning: String C022-012T_R590X270_B_TENTED exceeds record length on line 250 at column 0
Warning: String R017X027S_SM020X031_SP016X027 exceeds record length on line 513 at column 0
Warning: Found a mechanical pin at location (3286.83 60.89) with no drill - skipping.
Warning: Found a mechanical pin at location (58.83 60.89) with no drill - skipping.
Warning: Found a mechanical pin at location (58.83 3332.84) with no drill - skipping.
Warning: Found a mechanical pin at location (58.83 60.89) with no drill - skipping.
Warning: Found a mechanical pin at location (3286.83 60.89) with no drill - skipping.
Warning: Found a mechanical pin at location (58.83 3332.84) with no drill - skipping.
Warning: String SHLD2 exceeds record length on line 1540 at column 27
Warning: String SHLD1 exceeds record length on line 1541 at column 27


------------------------------------------
SUMMARY:
  Errors:       0
  Warnings:    12
