(---------------------------------------------------------------------)
(                                                                     )
(    NC ROUTE Log                                                     )
(                                                                     )
(    Drawing          : EI_ARROW_IMX8M_HMI_PLATFORM_17_00666_02.brd   )
(    Software Version : 17.2P019                                      )
(    Date/Time        : Mon Feb 11 12:30:22 2019                      )
(                                                                     )
(---------------------------------------------------------------------)



 Processing NC Parameters file 'nc_param.txt' ...

 NC PARAMETERS
 -------------

 FORMAT   		2.5
 MACHINE-OFFSET		x:0.00000	y:0.00000   (inch)
 FEEDRATE		1
 COORDINATES		ABSOLUTE
 OUTPUT-UNITS		ENGLISH
 TOOL-ORDER		INCREASING
 REPEAT-CODES		NO
 SUPPRESS-LEAD-ZEROES	NO
 SUPPRESS-TRAIL-ZEROES	NO
 SUPPRESS-EQUAL		NO
 TOOL-SELECT		YES
 HEADER			none
 LEADER			12
 CODE			ASCII
 SEPARATE		NO
 SEPARATE-ROUTING	NO
 OPTIMIZE_DRILLING	NO
 ENHANCED_EXCELLON	NO
 SCALE			1.000000


 WARNING(SPMHMF-326): Cannot find NC Route bit tool file 'ncroutebits.txt'
 WARNING(SPMHMF-327): ... will auto-generate bit tool file 'ncroutebits_auto.txt'.

 Auto-generating tool file 'ncroutebits_auto.txt' ...

     0.0000  T01       
     0.0160  T02       
     0.0236  T03       
     0.0276  T04       
     0.0320  T05       

-------------------------------------------------------------

 Pre_processing route path data ...

 WARNING(SPMHMF-301): No start point indicators found on the board.
 WARNING(SPMHMF-302): Start and end points for route paths will be selected at random.

-------------------------------------------------------------

 Processing route path data ...

 WARNING(SPMHMF-300): No toolcode of size 0.000000 found in 'ncroutebits.txt' ... Defaulting to T01.

 WARNING(SPMHMF-307): Start point indicator for route at (47.450000 1759.490000) not found.
 WARNING(SPMHMF-308): Start point chosen at random.

 WARNING(SPMHMF-307): Start point indicator for route at (90.750000 1743.740000) not found.
 WARNING(SPMHMF-308): Start point chosen at random.

 WARNING(SPMHMF-307): Start point indicator for route at (106.500000 1759.490000) not found.
 WARNING(SPMHMF-308): Start point chosen at random.

 WARNING(SPMHMF-307): Start point indicator for route at (47.450000 1570.510000) not found.
 WARNING(SPMHMF-308): Start point chosen at random.

 WARNING(SPMHMF-307): Start point indicator for route at (90.750000 1554.760000) not found.
 WARNING(SPMHMF-308): Start point chosen at random.

 WARNING(SPMHMF-307): Start point indicator for route at (106.500000 1570.510000) not found.
 WARNING(SPMHMF-308): Start point chosen at random.

 EXPLANATION OF 'START POINT INDICATORS' ...

 The direction in which a route path is cut can be
 controlled by adding the character '1' at (or near)
 the vertex that you want to be the start point of the cut.
 This character (referred to as a 'start point indicator')
 is added by using the ADD TEXT command.

 In the case of a complete loop, direction can be specified
 by adding the character '1' at the first point on the path
 and the character '2' at the second point along the path.


-------------------------------------------------------------

 Processing slot hole data ...

 OVAL      slots routed: 6
 RECTANGLE slots routed: 3

-------------------------------------------------------------

 NC Route file 'EI_ARROW_IMX8M_HMI_PLATFORM_17_00666_02.rou' created ...

-------------------------------------------------------------

 Program completed WITH WARNINGS.

